START 1
MOVE 1 5 36 37
INFORM 1 14 10
MOVE 1 5 37 38
INFORM 1 13 10
MOVE 1 5 38 29
INFORM 1 12 10
MOVE 1 5 29 30
INFORM 1 11 10
MOVE 1 5 30 31
INFORM 1 10 10
MOVE 1 5 31 32
INFORM 1 9 10
MOVE 1 5 32 33
INFORM 1 8 10
BLOOD 2 7 84 266 350
BLOOD 2 3 42 508 550
BLOOD 2 4 84 316 400
BLOOD 2 5 84 316 400
INFORM 1 7 7
MOVE 1 5 33 32
INFORM 1 6 7
MOVE 1 5 32 31
INFORM 1 5 7
MOVE 1 5 31 30
INFORM 1 4 7
MOVE 1 5 30 29
INFORM 1 3 7
MOVE 1 5 29 38
INFORM 1 2 7
MOVE 1 5 38 37
INFORM 1 1 7
MOVE 1 5 37 36
INFORM 1 0 7
FINISH 1
START 2
INFORM 1 15 10
INFORM 2 15 10
MOVE 2 7 34 25
INFORM 2 14 10
MOVE 2 4 35 34
INFORM 2 13 10
MOVE 2 4 34 33
INFORM 2 12 10
MOVE 2 4 33 32
INFORM 2 11 10
MOVE 2 4 32 31
INFORM 2 10 10
MOVE 2 4 31 30
INFORM 2 9 10
MOVE 2 4 30 29
INFORM 2 8 10
BLOOD 1 7 78 222 300
BLOOD 1 4 78 272 350
BLOOD 1 3 39 461 500
BLOOD 1 5 78 272 350
INFORM 2 7 7
MOVE 2 4 29 30
INFORM 2 6 7
MOVE 2 4 30 31
INFORM 2 5 7
MOVE 2 4 31 32
INFORM 2 4 7
MOVE 2 4 32 33
INFORM 2 3 7
MOVE 2 4 33 34
INFORM 2 2 7
MOVE 2 4 34 35
INFORM 2 1 7
FINISH 2
START 1
MOVE 1 5 36 37
INFORM 1 14 10
MOVE 1 5 37 38
INFORM 1 13 10
MOVE 1 5 38 29
INFORM 1 12 10
MOVE 1 5 29 30
INFORM 1 11 10
MOVE 1 5 30 21
INFORM 1 10 10
MOVE 1 5 21 22
INFORM 1 9 10
MOVE 1 5 22 23
INFORM 1 8 10
MOVE 1 5 23 24
INFORM 1 7 10
BLOOD 2 6 84 316 400
BLOOD 2 7 84 182 350
BLOOD 2 2 84 266 350
BLOOD 2 4 84 232 400
INFORM 1 6 7
MOVE 1 5 24 23
INFORM 1 5 7
MOVE 1 5 23 22
INFORM 1 4 7
MOVE 1 5 22 21
INFORM 1 3 7
MOVE 1 5 21 20
INFORM 1 2 7
MOVE 1 5 20 19
INFORM 1 1 7
MOVE 1 5 19 20
INFORM 1 0 7
INFORM 1 0 7
FINISH 1
START 2
INFORM 1 15 10
MOVE 2 7 25 34
INFORM 2 14 10
MOVE 2 7 34 43
INFORM 2 13 10
MOVE 2 3 26 25
INFORM 2 12 10
MOVE 2 3 25 24
INFORM 2 11 10
MOVE 2 3 24 23
INFORM 2 10 10
MOVE 2 6 16 15
INFORM 2 9 10
MOVE 2 6 15 14
INFORM 2 8 10
MOVE 2 6 14 13
INFORM 2 7 10
MOVE 2 6 13 12
INFORM 2 6 10
MOVE 2 6 12 21
INFORM 2 5 10
BLOOD 1 5 48 224 350
INFORM 2 4 8
MOVE 2 1 8 7
INFORM 2 3 8
MOVE 2 1 7 6
INFORM 2 2 8
MOVE 2 1 6 5
INFORM 2 1 8
MOVE 2 6 21 30
INFORM 2 0 8
FINISH 2
START 1
MOVE 1 7 28 29
INFORM 1 14 10
BLOOD 2 6 60 256 400
INFORM 1 13 10
MOVE 1 7 29 28
INFORM 1 12 10
MOVE 1 7 28 37
INFORM 1 11 10
MOVE 1 5 20 29
INFORM 1 10 10
BLOOD 2 6 84 172 400
INFORM 1 9 7
MOVE 1 5 29 20
INFORM 1 8 7
MOVE 1 4 27 28
INFORM 1 7 7
MOVE 1 4 28 29
INFORM 1 6 7
BLOOD 2 6 70 102 400
INFORM 1 5 7
MOVE 1 4 29 28
INFORM 1 4 7
MOVE 1 4 28 27
INFORM 1 3 7
MOVE 1 4 27 36
INFORM 1 2 7
MOVE 1 3 18 27
INFORM 1 1 7
MOVE 1 3 27 28
INFORM 1 0 7
INFORM 1 0 7
FINISH 1
START 2
INFORM 1 15 10
MOVE 2 7 43 42
INFORM 2 14 10
MOVE 2 7 42 41
INFORM 2 13 10
MOVE 2 7 41 40
INFORM 2 12 10
MOVE 2 7 40 31
INFORM 2 11 10
MOVE 2 7 31 22
INFORM 2 10 10
MOVE 2 7 22 21
INFORM 2 9 10
BLOOD 1 5 60 164 350
INFORM 2 11 5
MOVE 2 3 23 22
INFORM 2 10 5
MOVE 2 1 5 14
INFORM 2 9 5
MOVE 2 1 14 23
INFORM 2 8 5
BLOOD 1 5 126 38 350
INFORM 2 7 2
MOVE 2 7 21 12
INFORM 2 6 2
MOVE 2 3 22 21
INFORM 2 5 2
BLOOD 1 5 50 0 350
INFORM 2 4 2
MOVE 2 6 30 31
INFORM 2 3 2
MOVE 2 6 31 32
INFORM 2 2 2
MOVE 2 6 32 33
INFORM 2 1 2
MOVE 2 6 33 34
INFORM 2 0 2
FINISH 2
START 1
MOVE 1 7 37 38
INFORM 1 14 10
MOVE 1 7 38 29
INFORM 1 13 10
MOVE 1 7 29 20
INFORM 1 12 10
BLOOD 2 3 24 484 550
BLOOD 2 1 48 402 450
INFORM 1 11 5
MOVE 1 7 20 29
INFORM 1 10 5
MOVE 1 3 28 19
INFORM 1 9 5
MOVE 1 3 19 20
INFORM 1 8 5
BLOOD 2 3 60 424 550
INFORM 1 7 5
MOVE 1 3 20 19
INFORM 1 6 5
MOVE 1 3 19 28
INFORM 1 5 5
MOVE 1 6 10 11
INFORM 1 4 5
INFORM 1 3 5
INFORM 1 3 5
MOVE 1 6 11 10
INFORM 1 2 5
MOVE 1 6 10 1
INFORM 1 1 5
MOVE 1 2 9 10
INFORM 1 0 5
INFORM 1 0 5
INFORM 1 0 5
FINISH 1
START 2
INFORM 1 15 10
MOVE 2 3 21 30
INFORM 2 14 10
MOVE 2 1 23 32
INFORM 2 13 10
MOVE 2 1 32 31
INFORM 2 12 10
BLOOD 1 7 84 138 300
BLOOD 1 3 42 419 500
INFORM 2 11 7
BLOOD 1 7 40 98 300
INFORM 2 10 5
MOVE 2 7 12 11
INFORM 2 9 5
BLOOD 1 2 90 210 300
INFORM 2 11 0
MOVE 2 7 11 12
INFORM 2 10 0
MOVE 2 7 12 13
INFORM 2 9 0
MOVE 2 7 13 14
INFORM 2 8 0
MOVE 2 4 35 26
INFORM 2 7 0
MOVE 2 4 26 25
INFORM 2 6 0
MOVE 2 4 25 24
INFORM 2 5 0
MOVE 2 4 24 23
INFORM 2 4 0
FINISH 2
START 1
MOVE 1 6 1 2
INFORM 1 14 10
MOVE 1 6 2 3
INFORM 1 13 10
MOVE 1 6 3 12
INFORM 1 12 10
MOVE 1 6 12 13
INFORM 1 11 10
BLOOD 2 7 55 127 350
INFORM 1 10 10
MOVE 1 1 0 1
INFORM 1 9 10
MOVE 1 1 1 2
INFORM 1 8 10
MOVE 1 1 2 11
INFORM 1 7 10
MOVE 1 1 11 12
INFORM 1 6 10
MOVE 1 1 12 21
INFORM 1 5 10
MOVE 1 1 21 22
INFORM 1 4 10
BLOOD 2 4 160 72 400
INFORM 1 3 7
BLOOD 2 3 24 400 550
BLOOD 2 1 72 330 450
INFORM 1 2 2
INFORM 1 1 0
FINISH 1
START 2
INFORM 1 15 10
BLOOD 1 7 84 14 300
BLOOD 1 3 42 377 500
INFORM 2 14 7
BLOOD 1 7 40 0 300
INFORM 2 13 7
BLOOD 1 6 78 272 350
BLOOD 1 1 78 322 400
INFORM 2 12 4
INFORM 2 12 4
INFORM 2 12 4
INFORM 2 12 4
MOVE 2 5 44 35
INFORM 2 11 4
MOVE 2 5 35 26
INFORM 2 10 4
MOVE 2 5 26 25
INFORM 2 9 4
MOVE 2 5 25 24
INFORM 2 8 4
BLOOD 1 6 72 200 350
INFORM 2 7 1
MOVE 2 2 17 16
INFORM 2 6 1
MOVE 2 2 16 15
INFORM 2 5 1
MOVE 2 7 14 5
INFORM 2 4 1
MOVE 2 2 15 14
INFORM 2 3 1
INFORM 2 3 1
INFORM 2 2 1
MOVE 2 4 23 32
INFORM 2 1 1
MOVE 2 4 32 41
INFORM 2 0 1
FINISH 2
START 1
MOVE 1 1 22 23
INFORM 1 14 10
BLOOD 2 5 160 156 400
INFORM 1 13 7
MOVE 1 4 36 37
INFORM 1 12 7
MOVE 1 4 37 38
INFORM 1 11 7
MOVE 1 4 38 39
INFORM 1 10 7
MOVE 1 4 39 40
INFORM 1 9 7
BLOOD 2 4 147 0 400
BLOOD 2 6 98 4 400
INFORM 1 8 4
MOVE 1 6 13 4
INFORM 1 7 4
BLOOD 2 7 55 72 350
INFORM 1 6 2
MOVE 1 3 28 29
INFORM 1 5 2
BLOOD 2 3 45 355 550
INFORM 1 4 2
MOVE 1 2 10 11
INFORM 1 3 2
MOVE 1 2 11 12
INFORM 1 2 2
MOVE 1 2 12 13
INFORM 1 1 2
BLOOD 2 2 40 226 350
INFORM 1 0 0
FINISH 1
START 2
INFORM 1 15 10
MOVE 2 6 34 35
INFORM 2 14 10
MOVE 2 1 31 32
INFORM 2 13 10
MOVE 2 1 32 33
INFORM 2 12 10
MOVE 2 1 33 34
INFORM 2 11 10
MOVE 2 1 34 25
INFORM 2 10 10
BLOOD 1 1 84 238 400
INFORM 2 9 7
BLOOD 1 1 72 166 400
BLOOD 1 2 108 102 300
INFORM 2 8 4
BLOOD 1 2 60 42 300
BLOOD 1 6 60 140 350
INFORM 2 7 2
MOVE 2 2 14 15
INFORM 2 6 2
MOVE 2 7 5 14
INFORM 2 5 2
INFORM 2 5 2
INFORM 2 5 2
BLOOD 1 2 60 0 300
INFORM 2 4 2
INFORM 2 4 2
INFORM 2 4 2
MOVE 2 3 30 31
INFORM 2 3 2
MOVE 2 3 31 32
INFORM 2 2 2
MOVE 2 7 14 13
INFORM 2 1 2
MOVE 2 7 13 12
INFORM 2 0 2
INFORM 2 0 2
FINISH 2
START 1
MOVE 1 6 4 3
INFORM 1 14 10
MOVE 1 6 3 2
INFORM 1 13 10
MOVE 1 6 2 11
INFORM 1 12 10
BLOOD 2 7 115 0 350
INFORM 1 11 8
BLOOD 2 5 330 0 400
INFORM 1 10 5
MOVE 1 4 40 41
INFORM 1 9 5
MOVE 1 4 41 42
INFORM 1 8 5
MOVE 1 4 42 33
INFORM 1 7 5
MOVE 1 4 33 34
INFORM 1 6 5
BLOOD 2 6 158 0 400
INFORM 1 5 5
MOVE 1 4 34 33
INFORM 1 4 5
MOVE 1 3 29 30
INFORM 1 3 5
MOVE 1 3 30 31
INFORM 1 2 5
BLOOD 2 3 51 304 550
INFORM 1 1 3
MOVE 1 1 23 14
INFORM 1 0 3
INFORM 1 0 3
INFORM 1 0 3
FINISH 1
START 2
INFORM 1 15 10
MOVE 2 1 25 16
INFORM 2 14 10
BLOOD 1 1 84 82 400
INFORM 2 13 7
BLOOD 1 1 60 22 400
INFORM 2 12 5
MOVE 2 2 15 6
INFORM 2 11 5
MOVE 2 3 32 23
INFORM 2 10 5
MOVE 2 3 23 24
INFORM 2 9 5
MOVE 2 3 24 15
INFORM 2 8 5
BLOOD 1 1 40 0 400
INFORM 2 7 3
MOVE 2 1 16 17
INFORM 2 6 3
MOVE 2 1 17 8
INFORM 2 5 3
MOVE 2 3 15 24
INFORM 2 4 3
MOVE 2 3 24 25
INFORM 2 3 3
MOVE 2 2 6 7
INFORM 2 2 3
FINISH 2
START 1
MOVE 1 4 33 24
INFORM 1 14 10
MOVE 1 4 24 15
INFORM 1 13 10
MOVE 1 4 15 6
INFORM 1 12 10
BLOOD 2 2 98 128 350
BLOOD 2 1 98 232 450
INFORM 1 11 7
MOVE 1 4 6 15
INFORM 1 10 7
MOVE 1 4 15 16
INFORM 1 9 7
MOVE 1 3 31 22
INFORM 1 8 7
MOVE 1 3 22 13
INFORM 1 7 7
MOVE 1 3 13 14
INFORM 1 6 7
MOVE 1 3 14 5
INFORM 1 5 7
MOVE 1 3 5 6
INFORM 1 4 7
BLOOD 2 2 42 86 350
INFORM 1 3 5
MOVE 1 3 6 15
INFORM 1 2 5
MOVE 1 6 11 12
INFORM 1 1 5
MOVE 1 4 16 17
INFORM 1 0 5
FINISH 1
START 2
INFORM 1 15 10
MOVE 2 2 7 6
INFORM 2 14 10
MOVE 2 2 6 5
INFORM 2 13 10
MOVE 2 2 5 4
INFORM 2 12 10
MOVE 2 2 4 3
INFORM 2 11 10
MOVE 2 1 8 7
INFORM 2 10 10
MOVE 2 1 7 6
INFORM 2 9 10
MOVE 2 1 6 5
INFORM 2 8 10
MOVE 2 1 5 14
INFORM 2 7 10
BLOOD 1 6 84 56 350
INFORM 2 6 7
MOVE 2 2 3 4
INFORM 2 5 7
MOVE 2 2 4 13
INFORM 2 4 7
BLOOD 1 6 60 0 350
INFORM 2 3 5
MOVE 2 3 25 16
INFORM 2 2 5
BLOOD 1 3 20 357 500
INFORM 2 1 3
FINISH 2
START 1
FINISH 1
START 2
INFORM 1 15 10
FINISH 2
START 1
MOVE 1 3 15 24
INFORM 1 14 10
MOVE 1 3 24 23
INFORM 1 13 10
MOVE 1 3 23 22
INFORM 1 12 10
MOVE 1 3 22 21
INFORM 1 11 10
MOVE 1 3 21 12
INFORM 1 10 10
BLOOD 2 2 42 44 350
INFORM 1 9 8
MOVE 1 4 17 26
INFORM 1 8 8
MOVE 1 4 26 25
INFORM 1 7 8
MOVE 1 4 25 24
INFORM 1 6 8
MOVE 1 4 24 23
INFORM 1 5 8
MOVE 1 4 23 22
INFORM 1 4 8
MOVE 1 4 22 21
INFORM 1 3 8
MOVE 1 3 12 11
INFORM 1 2 8
MOVE 1 4 21 12
INFORM 1 1 8
BLOOD 2 2 98 0 350
BLOOD 2 1 98 134 450
INFORM 1 0 5
FINISH 1
START 2
INFORM 1 15 10
MOVE 2 3 16 15
INFORM 2 14 10
INFORM 2 14 10
MOVE 2 3 15 24
INFORM 2 13 10
MOVE 2 3 24 23
INFORM 2 12 10
MOVE 2 3 23 22
INFORM 2 11 10
MOVE 2 3 22 13
INFORM 2 10 10
BLOOD 1 4 40 232 350
INFORM 2 9 8
BLOOD 1 4 84 148 350
BLOOD 1 3 42 315 500
INFORM 2 8 5
MOVE 2 1 14 15
INFORM 2 7 5
MOVE 2 1 15 16
INFORM 2 6 5
MOVE 2 1 16 17
INFORM 2 5 5
FINISH 2
START 1
BLOOD 2 3 49 255 550
INFORM 1 14 7
MOVE 1 4 12 3
INFORM 1 13 7
MOVE 1 3 11 12
INFORM 1 12 7
BLOOD 2 3 21 234 550
INFORM 1 11 5
MOVE 1 3 12 21
INFORM 1 10 5
MOVE 1 3 21 22
INFORM 1 9 5
MOVE 1 3 22 23
INFORM 1 8 5
MOVE 1 3 23 14
INFORM 1 7 5
FINISH 1
START 2
INFORM 1 15 10
MOVE 2 3 13 4
INFORM 2 14 10
MOVE 2 1 17 8
INFORM 2 13 10
MOVE 2 1 8 7
INFORM 2 12 10
MOVE 2 1 7 6
INFORM 2 11 10
MOVE 2 1 6 5
INFORM 2 10 10
BLOOD 1 4 84 64 350
INFORM 2 9 7
BLOOD 1 4 40 24 350
INFORM 2 8 7
MOVE 2 1 5 6
INFORM 2 7 7
MOVE 2 1 6 15
INFORM 2 6 7
MOVE 2 1 15 24
INFORM 2 5 7
MOVE 2 1 24 33
INFORM 2 4 7
MOVE 2 1 33 42
INFORM 2 3 7
MOVE 2 1 42 41
INFORM 2 2 7
MOVE 2 1 41 40
INFORM 2 1 7
MOVE 2 1 40 39
INFORM 2 0 7
INFORM 2 0 7
INFORM 2 0 7
INFORM 2 0 7
INFORM 2 0 7
INFORM 2 0 7
INFORM 2 0 7
FINISH 2
START 1
MOVE 1 4 3 12
INFORM 1 14 10
MOVE 1 4 12 11
INFORM 1 13 10
MOVE 1 4 11 20
INFORM 1 12 10
MOVE 1 4 20 29
INFORM 1 11 10
MOVE 1 4 29 38
INFORM 1 10 10
BLOOD 2 1 98 36 450
INFORM 1 9 7
MOVE 1 4 38 29
INFORM 1 8 7
MOVE 1 4 29 20
INFORM 1 7 7
MOVE 1 3 14 13
INFORM 1 6 7
MOVE 1 3 13 12
INFORM 1 5 7
MOVE 1 3 12 21
INFORM 1 4 7
MOVE 1 3 21 30
INFORM 1 3 7
MOVE 1 3 30 29
INFORM 1 2 7
MOVE 1 3 29 38
INFORM 1 1 7
BLOOD 2 1 42 0 450
INFORM 1 0 5
FINISH 1
START 2
INFORM 1 15 10
MOVE 2 3 4 13
INFORM 2 14 10
MOVE 2 3 13 22
INFORM 2 13 10
MOVE 2 3 22 21
INFORM 2 12 10
BLOOD 1 4 40 0 350
INFORM 2 11 8
FINISH 2
START 1
MOVE 1 3 38 29
INFORM 1 14 10
MOVE 1 3 29 20
INFORM 1 13 10
BLOOD 2 3 21 213 550
INFORM 1 12 8
FINISH 1
START 2
INFORM 1 15 10
BLOOD 1 3 20 295 500
INFORM 2 14 8
FINISH 2
START 1
BLOOD 2 3 21 192 550
INFORM 1 14 10
FINISH 1
START 2
INFORM 1 15 10
BLOOD 1 3 20 275 500
INFORM 2 14 8
INFORM 2 14 8
INFORM 2 14 8
INFORM 2 14 8
INFORM 2 14 8
FINISH 2
START 1
BLOOD 2 3 21 171 550
INFORM 1 14 8
FINISH 1
START 2
INFORM 1 15 10
BLOOD 1 3 20 255 500
INFORM 2 14 8
FINISH 2
START 1
BLOOD 2 3 21 150 550
INFORM 1 14 8
FINISH 1
START 2
INFORM 1 15 10
BLOOD 1 3 30 225 500
INFORM 2 14 8
INFORM 2 14 8
INFORM 2 14 8
INFORM 2 14 8
INFORM 2 14 8
INFORM 2 14 8
FINISH 2
START 1
BLOOD 2 3 21 129 550
INFORM 1 14 8
FINISH 1
START 2
INFORM 1 15 10
BLOOD 1 3 20 205 500
INFORM 2 14 8
FINISH 2
START 1
BLOOD 2 3 21 108 550
INFORM 1 14 8
FINISH 1
START 2
INFORM 1 15 10
BLOOD 1 3 20 185 500
INFORM 2 14 8
FINISH 2
START 1
BLOOD 2 3 21 87 550
INFORM 1 14 8
FINISH 1
START 2
INFORM 1 15 10
BLOOD 1 3 20 165 500
INFORM 2 14 8
FINISH 2
START 1
BLOOD 2 3 21 66 550
INFORM 1 14 8
FINISH 1
START 2
INFORM 1 15 10
BLOOD 1 3 20 145 500
INFORM 2 14 8
FINISH 2
START 1
BLOOD 2 3 21 45 550
INFORM 1 14 8
FINISH 1
START 2
INFORM 1 15 10
BLOOD 1 3 20 125 500
INFORM 2 14 8
FINISH 2
START 1
BLOOD 2 3 21 24 550
INFORM 1 14 8
FINISH 1
START 2
INFORM 1 15 10
BLOOD 1 3 20 105 500
INFORM 2 14 8
FINISH 2
START 1
BLOOD 2 3 21 3 550
INFORM 1 14 8
FINISH 1
START 2
INFORM 1 15 10
BLOOD 1 3 20 85 500
INFORM 2 14 8
FINISH 2
START 1
BLOOD 2 3 21 0 550
INFORM 1 14 8
END 1
